# Log file generated by C:\Users\atatat\Projects\VirtualBox-6.1.18\configure.vbs
# Arg #1: --with-DDK=C:\WinDDK\7600.16385.1
# Arg #2: --with-MinGW-w64=C:\lib\mingw\mingw64
# Arg #3: --with-MinGW32=C:\lib\mingw\mingw32
# Arg #4: --with-libSDL=C:\lib\SDL\x64\SDL-1.2.15
# Arg #5: --with-openssl=C:\lib\OpenSSL\x64
# Arg #6: --with-openssl32=C:\lib\OpenSSL\x86
# Arg #7: --with-libcurl=C:\lib\curl\x64
# Arg #8: --with-libcurl32=C:\lib\curl\x86
# Arg #9: --with-Qt5=C:\Qt\5.6.3\msvc2010_64
# Arg #10: --with-libvpx=C:\lib\libvpx
# Arg #11: --with-libopus=C:\lib\libopus
# Arg #12: --with-python=C:/Python27
# Reconstructed command line: cscript configure.vbs --with-DDK=C:\WinDDK\7600.16385.1 --with-MinGW-w64=C:\lib\mingw\mingw64 --with-MinGW32=C:\lib\mingw\mingw32 --with-libSDL=C:\lib\SDL\x64\SDL-1.2.15 --with-openssl=C:\lib\OpenSSL\x64 --with-openssl32=C:\lib\OpenSSL\x86 --with-libcurl=C:\lib\curl\x64 --with-libcurl32=C:\lib\curl\x86 --with-Qt5=C:\Qt\5.6.3\msvc2010_64 --with-libvpx=C:\lib\libvpx --with-libopus=C:\lib\libopus --with-python=C:/Python27
# Wscript properties:
#   ScriptName: configure.vbs
#   Version:    5.8
#   Build:      24288
#   Name:       Windows Script Host
#   Full Name:  C:\Windows\system32\cscript.exe
#   Path:       C:\Windows\system32
#
# Environment:
#   =C:=C:\Users\atatat\Projects\VirtualBox-6.1.18
#   =ExitCode=00000000
#   ALLUSERSPROFILE=C:\ProgramData
#   APPDATA=C:\Users\atatat\AppData\Roaming
#   APPVER=6.1
#   BUILD_TARGET_ARCH=amd64
#   CL=/AI C:\Windows\Microsoft.NET\Framework\\
#   CommandPromptType=Native
#   CommonProgramFiles=C:\Program Files\Common Files
#   CommonProgramFiles(x86)=C:\Program Files (x86)\Common Files
#   CommonProgramW6432=C:\Program Files\Common Files
#   COMPUTERNAME=SKOTOBAZA_VBOX
#   ComSpec=C:\Windows\system32\cmd.exe
#   Configuration=Release
#   CURRENT_CPU=x64
#   DXSDK_DIR=C:\Program Files (x86)\Microsoft DirectX SDK\
#   FP_NO_HOST_CHECK=NO
#   HOMEDRIVE=C:
#   HOMEPATH=\Users\atatat
#   INCLUDE=c:\Program Files (x86)\Microsoft Visual Studio 10.0\VC\INCLUDE;C:\Program Files\Microsoft SDKs\Windows\v7.1\INCLUDE;C:\Program Files\Microsoft SDKs\Windows\v7.1\INCLUDE\gl;
#   KBUILD_HOST_ARCH=amd64
#   KBUILD_PATH=C:/Users/atatat/Projects/VirtualBox-6.1.18/kBuild
#   KBUILD_TARGET_ARCH=amd64
#   LIB=c:\Program Files (x86)\Microsoft Visual Studio 10.0\VC\Lib\amd64;C:\Program Files\Microsoft SDKs\Windows\v7.1\Lib\X64;
#   LIBPATH=\;C:\Windows\Microsoft.NET\Framework\;C:\Windows\Microsoft.NET\Framework64\v3.5;C:\Windows\Microsoft.NET\Framework\v3.5;;c:\Program Files (x86)\Microsoft Visual Studio 10.0\VC\Lib\amd64;
#   LOCALAPPDATA=C:\Users\atatat\AppData\Local
#   LOGONSERVER=\\SKOTOBAZA_VBOX
#   NUMBER_OF_PROCESSORS=2
#   ORIGINALPATH=c:\Program Files (x86)\Microsoft Visual Studio 10.0\VC\BIN\amd64;C:\Windows\Microsoft.NET\Framework64\v4.0.30319;C:\Windows\Microsoft.NET\Framework64\v3.5;c:\Program Files (x86)\Microsoft Visual Studio 10.0\VC\VCPackages;C:\Program Files (x86)\Microsoft Visual Studio 10.0\Common7\IDE;C:\Program Files (x86)\Microsoft Visual Studio 10.0\Common7\Tools;C:\Program Files (x86)\HTML Help Workshop;c:\Program Files (x86)\Microsoft SDKs\Windows\v7.0A\bin\NETFX 4.0 Tools\x64;c:\Program Files (x86)\Microsoft SDKs\Windows\v7.0A\bin\x64;c:\Program Files (x86)\Microsoft SDKs\Windows\v7.0A\bin;C:\Program Files (x86)\Parallels\Parallels Tools\Applications;C:\bin;C:\Python38\Scripts\;C:\Python38\;C:\Python27\;C:\Python27\Scripts\;C:\Perl64\site\bin;C:\Perl64\bin;C:\Python38\Scripts\;C:\Python38\;C:\Windows\system32;C:\Windows;C:\Windows\System32\Wbem;C:\Windows\System32\WindowsPowerShell\v1.0\;C:\Program Files\Microsoft VS Code\bin;C:\Program Files\Microsoft Windows Performance Toolkit\;C:\Program Files (x86)\Windows Kits\8.1\Windows Performance Toolkit\;C:\Program Files (x86)\Microsoft SDKs\TypeScript\1.0\;C:\Program Files\WinMerge;C:\Program Files\CMake\bin;C:\Program Files\Git\cmd
#   OS=Windows_NT
#   Path=\;C:\Windows\Microsoft.NET\Framework\;C:\Windows\Microsoft.NET\Framework64\v3.5;C:\Windows\Microsoft.NET\Framework\v3.5;;C:\Program Files (x86)\Microsoft Visual Studio 10.0\Common7\IDE;C:\Program Files (x86)\Microsoft Visual Studio 10.0\Common7\Tools;;c:\Program Files (x86)\Microsoft Visual Studio 10.0\VC\Bin\amd64;c:\Program Files (x86)\Microsoft Visual Studio 10.0\VC\Bin\VCPackages;;C:\Program Files\Microsoft SDKs\Windows\v7.1\Bin\NETFX 4.0 Tools\x64;C:\Program Files\Microsoft SDKs\Windows\v7.1\Bin\x64;C:\Program Files\Microsoft SDKs\Windows\v7.1\Bin;;c:\Program Files (x86)\Microsoft Visual Studio 10.0\VC\BIN\amd64;C:\Windows\Microsoft.NET\Framework64\v4.0.30319;C:\Windows\Microsoft.NET\Framework64\v3.5;c:\Program Files (x86)\Microsoft Visual Studio 10.0\VC\VCPackages;C:\Program Files (x86)\Microsoft Visual Studio 10.0\Common7\IDE;C:\Program Files (x86)\Microsoft Visual Studio 10.0\Common7\Tools;C:\Program Files (x86)\HTML Help Workshop;c:\Program Files (x86)\Microsoft SDKs\Windows\v7.0A\bin\NETFX 4.0 Tools\x64;c:\Program Files (x86)\Microsoft SDKs\Windows\v7.0A\bin\x64;c:\Program Files (x86)\Microsoft SDKs\Windows\v7.0A\bin;C:\Program Files (x86)\Parallels\Parallels Tools\Applications;C:\bin;C:\Python38\Scripts\;C:\Python38\;C:\Python27\;C:\Python27\Scripts\;C:\Perl64\site\bin;C:\Perl64\bin;C:\Python38\Scripts\;C:\Python38\;C:\Windows\system32;C:\Windows;C:\Windows\System32\Wbem;C:\Windows\System32\WindowsPowerShell\v1.0\;C:\Program Files\Microsoft VS Code\bin;C:\Program Files\Microsoft Windows Performance Toolkit\;C:\Program Files (x86)\Windows Kits\8.1\Windows Performance Toolkit\;C:\Program Files (x86)\Microsoft SDKs\TypeScript\1.0\;C:\Program Files\WinMerge;C:\Program Files\CMake\bin;C:\Program Files\Git\cmd;C:\Users\atatat\Projects\VirtualBox-6.1.18\kBuild\bin\win.amd64
#   PATHEXT=.COM;.EXE;.BAT;.CMD;.VBS;.VBE;.JS;.JSE;.WSF;.WSH;.MSC;.PY;.PYW
#   Platform=X64
#   PlatformToolset=Windows7.1SDK
#   PROCESSOR_ARCHITECTURE=AMD64
#   PROCESSOR_IDENTIFIER=Intel64 Family 6 Model 61 Stepping 4, GenuineIntel
#   PROCESSOR_LEVEL=6
#   PROCESSOR_REVISION=3d04
#   ProgramData=C:\ProgramData
#   ProgramFiles=C:\Program Files
#   ProgramFiles(x86)=C:\Program Files (x86)
#   ProgramW6432=C:\Program Files
#   PROJECTS=C:\Users\atatat\Projects
#   PROMPT=$P$G
#   PSModulePath=C:\Windows\system32\WindowsPowerShell\v1.0\Modules\
#   PUBLIC=C:\Users\Public
#   sdkdir=C:\Program Files\Microsoft SDKs\Windows\v7.1\
#   SystemDrive=C:
#   SystemRoot=C:\Windows
#   TARGET_CPU=x64
#   TARGET_PLATFORM=WIN7
#   TEMP=C:\Users\atatat\AppData\Local\Temp
#   TMP=C:\Users\atatat\AppData\Local\Temp
#   ToolsVersion=4.0
#   USERDOMAIN=skotobaza_vbox
#   USERNAME=atatat
#   USERPROFILE=C:\Users\atatat
#   VBOXSVC_RELEASE_LOG=main.e.l.f+gui.e.l.f
#   VBOXSVC_RELEASE_LOG_DEST=C:\Users\atatat\.VirtualBox
#   VBOXSVC_RELEASE_LOG_FLAGS=time tid thread
#   VBOX_LOG=main.e.l.f+gui.e.l.f
#   VBOX_LOG_DEST=C:\Users\atatat\.VirtualBox
#   VBOX_LOG_FLAGS=time tid thread
#   VBOX_REV=142123
#   VERSION=6.1.18-r142123
#   VS100COMNTOOLS=C:\Program Files (x86)\Microsoft Visual Studio 10.0\Common7\Tools\
#   VS110COMNTOOLS=C:\Program Files (x86)\Microsoft Visual Studio 11.0\Common7\Tools\
#   VS120COMNTOOLS=C:\Program Files (x86)\Microsoft Visual Studio 12.0\Common7\Tools\
#   WATCOM=C:\WATCOM
#   WHTMLHELP=C:\WATCOM\BINNT\HELP
#   windir=C:\Windows
#   WindowsSDKDir=C:\Program Files\Microsoft SDKs\Windows\v7.1\
#   WindowsSDKVersionOverride=v7.1
#   windows_tracing_flags=3
#
# Shell: C:\Windows\system32\cmd.exe /c set TESTING_ENVIRONMENT_INHERITANC 2>nul
# Status: 0
# Start of Output
TESTING_ENVIRONMENT_INHERITANCE=This works

# End of Output
Shell inheritance test: OK
Source path: OK
***** Checking for kBuild *****
# Shell: C:\Windows\system32\cmd.exe /c kmk.exe --version 2>&1
# Status: 0
# Start of Output
kmk - kBuild version 0.1.9998 (r3297)

Based on GNU Make 4.2.1:
Copyright (C) 1988-2016 Free Software Foundation, Inc.
License GPLv3+: GNU GPL version 3 or later <http://gnu.org/licenses/gpl.html>
This is free software: you are free to change and redistribute it.
There is NO WARRANTY, to the extent permitted by law.

kBuild modifications:
 Copyright (c) 2005-2018 knut st. osmundsen.

kmkbuiltin commands derived from *BSD sources:
 Copyright (c) 1983 1987, 1988, 1989, 1990, 1991, 1992, 1993, 1994
  The Regents of the University of California. All rights reserved.
 Copyright (c) 1998  Todd C. Miller <Todd.Miller@courtesan.com>

KBUILD_PATH:     'C:/Users/atatat/Projects/VirtualBox-6.1.18/kBuild'
KBUILD_BIN_PATH: 'C:/Users/atatat/Projects/VirtualBox-6.1.18/kBuild/bin/win.amd64'

This program is a release build, built for win/amd64/k8 [Oct  3 2019 08:38:46]


# End of Output
 Target architecture: amd64.
 Host architecture: amd64.
# Shell: C:\Windows\system32\cmd.exe /c C:\Users\atatat\Projects\VirtualBox-6.1.18\kBuild\bin\win.amd64\kmk.exe --version 2>&1
# Status: 0
# Start of Output
kmk - kBuild version 0.1.9998 (r3297)

Based on GNU Make 4.2.1:
Copyright (C) 1988-2016 Free Software Foundation, Inc.
License GPLv3+: GNU GPL version 3 or later <http://gnu.org/licenses/gpl.html>
This is free software: you are free to change and redistribute it.
There is NO WARRANTY, to the extent permitted by law.

kBuild modifications:
 Copyright (c) 2005-2018 knut st. osmundsen.

kmkbuiltin commands derived from *BSD sources:
 Copyright (c) 1983 1987, 1988, 1989, 1990, 1991, 1992, 1993, 1994
  The Regents of the University of California. All rights reserved.
 Copyright (c) 1998  Todd C. Miller <Todd.Miller@courtesan.com>

KBUILD_PATH:     'C:/Users/atatat/Projects/VirtualBox-6.1.18/kBuild'
KBUILD_BIN_PATH: 'C:/Users/atatat/Projects/VirtualBox-6.1.18/kBuild/bin/win.amd64'

This program is a release build, built for win/amd64/k8 [Oct  3 2019 08:38:46]


# End of Output
EnvSet: KBUILD_PATH=C:/Users/atatat/Projects/VirtualBox-6.1.18/kBuild
EnvPrepend: PATH=C:/Users/atatat/Projects/VirtualBox-6.1.18/kBuild/bin/win.amd64;\;C:\Windows\Microsoft.NET\Framework\;C:\Windows\Microsoft.NET\Framework64\v3.5;C:\Windows\Microsoft.NET\Framework\v3.5;;C:\Program Files (x86)\Microsoft Visual Studio 10.0\Common7\IDE;C:\Program Files (x86)\Microsoft Visual Studio 10.0\Common7\Tools;;c:\Program Files (x86)\Microsoft Visual Studio 10.0\VC\Bin\amd64;c:\Program Files (x86)\Microsoft Visual Studio 10.0\VC\Bin\VCPackages;;C:\Program Files\Microsoft SDKs\Windows\v7.1\Bin\NETFX 4.0 Tools\x64;C:\Program Files\Microsoft SDKs\Windows\v7.1\Bin\x64;C:\Program Files\Microsoft SDKs\Windows\v7.1\Bin;;c:\Program Files (x86)\Microsoft Visual Studio 10.0\VC\BIN\amd64;C:\Windows\Microsoft.NET\Framework64\v4.0.30319;C:\Windows\Microsoft.NET\Framework64\v3.5;c:\Program Files (x86)\Microsoft Visual Studio 10.0\VC\VCPackages;C:\Program Files (x86)\Microsoft Visual Studio 10.0\Common7\IDE;C:\Program Files (x86)\Microsoft Visual Studio 10.0\Common7\Tools;C:\Program Files (x86)\HTML Help Workshop;c:\Program Files (x86)\Microsoft SDKs\Windows\v7.0A\bin\NETFX 4.0 Tools\x64;c:\Program Files (x86)\Microsoft SDKs\Windows\v7.0A\bin\x64;c:\Program Files (x86)\Microsoft SDKs\Windows\v7.0A\bin;C:\Program Files (x86)\Parallels\Parallels Tools\Applications;C:\bin;C:\Python38\Scripts\;C:\Python38\;C:\Python27\;C:\Python27\Scripts\;C:\Perl64\site\bin;C:\Perl64\bin;C:\Python38\Scripts\;C:\Python38\;C:\Windows\system32;C:\Windows;C:\Windows\System32\Wbem;C:\Windows\System32\WindowsPowerShell\v1.0\;C:\Program Files\Microsoft VS Code\bin;C:\Program Files\Microsoft Windows Performance Toolkit\;C:\Program Files (x86)\Windows Kits\8.1\Windows Performance Toolkit\;C:\Program Files (x86)\Microsoft SDKs\TypeScript\1.0\;C:\Program Files\WinMerge;C:\Program Files\CMake\bin;C:\Program Files\Git\cmd;C:\Users\atatat\Projects\VirtualBox-6.1.18\kBuild\bin\win.amd64
** kBuild: C:/Users/atatat/Projects/VirtualBox-6.1.18/kBuild
** kBuild binaries: C:/Users/atatat/Projects/VirtualBox-6.1.18/kBuild/bin/win.amd64
***** Checking for Windows DDK v7.1 *****
trying: strPathDDK=C:\WinDDK\7600.16385.1 blnCheckBuild=True
Testing 'C:\WinDDK\7600.16385.1': lib/win8/i386/int64.lib not found
# Shell: C:\Windows\system32\cmd.exe /c "C:\WinDDK\7600.16385.1\bin\x86\rc.exe" 2>&1
# Status: 1
# Start of Output
Microsoft (R) Windows (R) Resource Compiler Version 6.1.6908.0
Copyright (C) Microsoft Corporation.  All rights reserved.

fatal error RC1107: invalid usage; use RC /? for Help

# End of Output
** Windows DDK v7.1: C:/WinDDK/7600.16385.1
***** Checking for Visual C++ *****
trying: strPathVC=C:/Users/atatat/Projects/VirtualBox-6.1.18/tools/win.x86/vcc/v10sp1 strPathVCCommon= blnOptVCExpressEdition=False
Testing 'C:/Users/atatat/Projects/VirtualBox-6.1.18/tools/win.x86/vcc/v10sp1': bin/cl.exe not found
Testing 'C:/Users/atatat/Projects/VirtualBox-6.1.18/tools/win.x86/vcc/v10sp1': bin/link.exe not found
Testing 'C:/Users/atatat/Projects/VirtualBox-6.1.18/tools/win.x86/vcc/v10sp1': include/string.h not found
Testing 'C:/Users/atatat/Projects/VirtualBox-6.1.18/tools/win.x86/vcc/v10sp1': lib/libcmt.lib not found
Testing 'C:/Users/atatat/Projects/VirtualBox-6.1.18/tools/win.x86/vcc/v10sp1': lib/msvcrt.lib not found
# Shell: C:\Windows\system32\cmd.exe /c cl.exe 2>&1
# Status: 2
# Start of Output
Microsoft (R) C/C++ Optimizing Compiler Version 16.00.40219.01 for x64
Copyright (C) Microsoft Corporation.  All rights reserved.

cl : Command line error D8003 : missing source filename

# End of Output
trying: strPathVC=C:/PROGRA~2/MICROS~2.0/VC strPathVCCommon=C:\Program Files (x86)\Microsoft Visual Studio 10.0\Common7 blnOptVCExpressEdition=False
EnvAppend: PATH=C:/Users/atatat/Projects/VirtualBox-6.1.18/kBuild/bin/win.amd64;\;C:\Windows\Microsoft.NET\Framework\;C:\Windows\Microsoft.NET\Framework64\v3.5;C:\Windows\Microsoft.NET\Framework\v3.5;;C:\Program Files (x86)\Microsoft Visual Studio 10.0\Common7\IDE;C:\Program Files (x86)\Microsoft Visual Studio 10.0\Common7\Tools;;c:\Program Files (x86)\Microsoft Visual Studio 10.0\VC\Bin\amd64;c:\Program Files (x86)\Microsoft Visual Studio 10.0\VC\Bin\VCPackages;;C:\Program Files\Microsoft SDKs\Windows\v7.1\Bin\NETFX 4.0 Tools\x64;C:\Program Files\Microsoft SDKs\Windows\v7.1\Bin\x64;C:\Program Files\Microsoft SDKs\Windows\v7.1\Bin;;c:\Program Files (x86)\Microsoft Visual Studio 10.0\VC\BIN\amd64;C:\Windows\Microsoft.NET\Framework64\v4.0.30319;C:\Windows\Microsoft.NET\Framework64\v3.5;c:\Program Files (x86)\Microsoft Visual Studio 10.0\VC\VCPackages;C:\Program Files (x86)\Microsoft Visual Studio 10.0\Common7\IDE;C:\Program Files (x86)\Microsoft Visual Studio 10.0\Common7\Tools;C:\Program Files (x86)\HTML Help Workshop;c:\Program Files (x86)\Microsoft SDKs\Windows\v7.0A\bin\NETFX 4.0 Tools\x64;c:\Program Files (x86)\Microsoft SDKs\Windows\v7.0A\bin\x64;c:\Program Files (x86)\Microsoft SDKs\Windows\v7.0A\bin;C:\Program Files (x86)\Parallels\Parallels Tools\Applications;C:\bin;C:\Python38\Scripts\;C:\Python38\;C:\Python27\;C:\Python27\Scripts\;C:\Perl64\site\bin;C:\Perl64\bin;C:\Python38\Scripts\;C:\Python38\;C:\Windows\system32;C:\Windows;C:\Windows\System32\Wbem;C:\Windows\System32\WindowsPowerShell\v1.0\;C:\Program Files\Microsoft VS Code\bin;C:\Program Files\Microsoft Windows Performance Toolkit\;C:\Program Files (x86)\Windows Kits\8.1\Windows Performance Toolkit\;C:\Program Files (x86)\Microsoft SDKs\TypeScript\1.0\;C:\Program Files\WinMerge;C:\Program Files\CMake\bin;C:\Program Files\Git\cmd;C:\Users\atatat\Projects\VirtualBox-6.1.18\kBuild\bin\win.amd64;C:\Program Files (x86)\Microsoft Visual Studio 10.0\Common7/IDE
# Shell: C:\Windows\system32\cmd.exe /c C:\PROGRA~2\MICROS~2.0\VC\bin\cl.exe /? 2>&1
# Status: 0
# Start of Output
Microsoft (R) 32-bit C/C++ Optimizing Compiler Version 16.00.40219.01 for 80x86
Copyright (C) Microsoft Corporation.  All rights reserved.

                         C/C++ COMPILER OPTIONS


                              -OPTIMIZATION-

/O1 minimize space                      /O2 maximize speed
/Ob<n> inline expansion (default n=0)   /Od disable optimizations (default)
/Og enable global optimization          /Oi[-] enable intrinsic functions
/Os favor code space                    /Ot favor code speed
/Ox maximum optimizations               /Oy[-] enable frame pointer omission 

                             -CODE GENERATION-

/GF enable read-only string pooling     /Gm[-] enable minimal rebuild
/Gy[-] separate functions for linker    /GS[-] enable security checks
/GR[-] enable C++ RTTI                  /GX[-] enable C++ EH (same as /EHsc)
/EHs enable C++ EH (no SEH exceptions)  /EHa enable C++ EH (w/ SEH exceptions)
/EHc extern "C" defaults to nothrow     
/fp:<except[-]|fast|precise|strict> choose floating-point model:
    except[-] - consider floating-point exceptions when generating code
    fast - "fast" floating-point model; results are less predictable
    precise - "precise" floating-point model; results are predictable
    strict - "strict" floating-point model (implies /fp:except)
/Qfast_transcendentals generate inline FP intrinsics even with /fp:except
/GL[-] enable link-time code generation /GA optimize for Windows Application
/Ge force stack checking for all funcs  /Gs[num] control stack checking calls
/Gh enable _penter function call        /GH enable _pexit function call
/GT generate fiber-safe TLS accesses    /RTC1 Enable fast checks (/RTCsu)
/RTCc Convert to smaller type checks    /RTCs Stack Frame runtime checking
/RTCu Uninitialized local usage checks  
/clr[:option] compile for common language runtime, where option is:
    pure - produce IL-only output file (no native executable code)
    safe - produce IL-only verifiable output file
    oldSyntax - accept the Managed Extensions syntax from Visual C++ 2002/2003
    initialAppDomain - enable initial AppDomain behavior of Visual C++ 2002
    noAssembly - do not produce an assembly
/Gd __cdecl calling convention          /Gr __fastcall calling convention
/Gz __stdcall calling convention        /GZ Enable stack checks (/RTCs)
/QIfist[-] use FIST instead of ftol()   
/hotpatch ensure function padding for hotpatchable images
/arch:<SSE|SSE2|AVX> minimum CPU architecture requirements, one of:
    SSE - enable use of instructions available with SSE enabled CPUs
    SSE2 - enable use of instructions available with SSE2 enabled CPUs
    AVX - enable use of Intel(R) Advanced Vector Extensions instructions
/Qimprecise_fwaits generate FWAITs only on "try" boundaries, not inside "try"
/Qsafe_fp_loads generate safe FP loads  

                              -OUTPUT FILES-

/Fa[file] name assembly listing file    /FA[scu] configure assembly listing
/Fd[file] name .PDB file                /Fe<file> name executable file
/Fm[file] name map file                 /Fo<file> name object file
/Fp<file> name precompiled header file  /Fr[file] name source browser file
/FR[file] name extended .SBR file       /Fi[file] name preprocessed file
/doc[file] process XML documentation comments and optionally name the .xdc file

                              -PREPROCESSOR-

/AI<dir> add to assembly search path    /FU<file> forced using assembly/module 
/C don't strip comments                 /D<name>{=|#}<text> define macro
/E preprocess to stdout                 /EP preprocess to stdout, no #line
/P preprocess to file                   /Fx merge injected code to file
/FI<file> name forced include file      /U<name> remove predefined macro
/u remove all predefined macros         /I<dir> add to include search path
/X ignore "standard places"             

                                -LANGUAGE-

/Zi enable debugging information        /Z7 enable old-style debug info
/Zp[n] pack structs on n-byte boundary  /Za disable extensions
/Ze enable extensions (default)         /Zl omit default library name in .OBJ
/Zg generate function prototypes        /Zs syntax check only
/vd{0|1|2} disable/enable vtordisp      /vm<x> type of pointers to members
/Zc:arg1[,arg2] C++ language conformance, where arguments can be:
    forScope[-] - enforce Standard C++ for scoping rules
    wchar_t[-] - wchar_t is the native type, not a typedef
    auto[-] - enforce the new Standard C++ meaning for auto
    trigraphs[-] - enable trigraphs (off by default)
/ZI enable Edit and Continue debug info 
/openmp enable OpenMP 2.0 language extensions

                              -MISCELLANEOUS-

@<file> options response file           /?, /help print this help message
/bigobj generate extended object format /c compile only, no link
/errorReport:option Report internal compiler errors to Microsoft
    none - do not send report                
    prompt - prompt to immediately send report
    queue - at next admin logon, prompt to send report (default)
    send - send report automatically         
/FC use full pathnames in diagnostics   /H<num> max external name length
/J default char type is unsigned        
/MP[n] use up to 'n' processes for compilation
/nologo suppress copyright message      /showIncludes show include file names
/Tc<source file> compile file as .c     /Tp<source file> compile file as .cpp
/TC compile all files as .c             /TP compile all files as .cpp
/V<string> set version string           /w disable all warnings
/wd<n> disable warning n                /we<n> treat warning n as an error
/wo<n> issue warning n once             /w<l><n> set warning level 1-4 for n
/W<n> set warning level (default n=1)   /Wall enable all warnings
/WL enable one line diagnostics         /WX treat warnings as errors
/Yc[file] create .PCH file              /Yd put debug info in every .OBJ
/Yl[sym] inject .PCH ref for debug lib  /Yu[file] use .PCH file
/Y- disable all PCH options             /Zm<n> max memory alloc (% of default)
/Wp64 enable 64 bit porting warnings    

                                -LINKING-

/LD Create .DLL                         /LDd Create .DLL debug library
/LN Create a .netmodule                 /F<num> set stack size
/link [linker options and libraries]    /MD link with MSVCRT.LIB
/MT link with LIBCMT.LIB                /MDd link with MSVCRTD.LIB debug lib
/MTd link with LIBCMTD.LIB debug lib    


# End of Output
** Visual C++ v10 with ATL: C:/PROGRA~2/MICROS~2.0/VC (C:/Program Files (x86)/Microsoft Visual Studio 10.0/VC)
***** Checking for Windows Platform SDK (recent) *****
trying: strPathPSDK=C:/Users/atatat/Projects/VirtualBox-6.1.18/tools/win.x86/sdk/v7.1
Testing 'C:/Users/atatat/Projects/VirtualBox-6.1.18/tools/win.x86/sdk/v7.1': include/Windows.h not found
Testing 'C:/Users/atatat/Projects/VirtualBox-6.1.18/tools/win.x86/sdk/v7.1': lib/Kernel32.Lib not found
Testing 'C:/Users/atatat/Projects/VirtualBox-6.1.18/tools/win.x86/sdk/v7.1': lib/User32.Lib not found
Testing 'C:/Users/atatat/Projects/VirtualBox-6.1.18/tools/win.x86/sdk/v7.1': bin/rc.exe not found
# Shell: C:\Windows\system32\cmd.exe /c "C:\Users\atatat\Projects\VirtualBox-6.1.18\tools\win.x86\sdk\v7.1\bin\rc.exe" 2>&1
# Status: 1
# Start of Output
The system cannot find the path specified.

# End of Output
trying: strPathPSDK=C:/Users/atatat/Projects/VirtualBox-6.1.18/tools/win.x86/sdk/v8.0
Testing 'C:/Users/atatat/Projects/VirtualBox-6.1.18/tools/win.x86/sdk/v8.0': include/Windows.h not found
Testing 'C:/Users/atatat/Projects/VirtualBox-6.1.18/tools/win.x86/sdk/v8.0': lib/Kernel32.Lib not found
Testing 'C:/Users/atatat/Projects/VirtualBox-6.1.18/tools/win.x86/sdk/v8.0': lib/User32.Lib not found
Testing 'C:/Users/atatat/Projects/VirtualBox-6.1.18/tools/win.x86/sdk/v8.0': bin/rc.exe not found
# Shell: C:\Windows\system32\cmd.exe /c "C:\Users\atatat\Projects\VirtualBox-6.1.18\tools\win.x86\sdk\v8.0\bin\rc.exe" 2>&1
# Status: 1
# Start of Output
The system cannot find the path specified.

# End of Output
trying: strPathPSDK=C:\Program Files (x86)\Microsoft SDKs\Windows\v8.1A\
Testing 'C:\Program Files (x86)\Microsoft SDKs\Windows\v8.1A\': include/Windows.h not found
Testing 'C:\Program Files (x86)\Microsoft SDKs\Windows\v8.1A\': lib/Kernel32.Lib not found
Testing 'C:\Program Files (x86)\Microsoft SDKs\Windows\v8.1A\': lib/User32.Lib not found
Testing 'C:\Program Files (x86)\Microsoft SDKs\Windows\v8.1A\': bin/rc.exe not found
# Shell: C:\Windows\system32\cmd.exe /c "C:\Program Files (x86)\Microsoft SDKs\Windows\v8.1A\\bin\rc.exe" 2>&1
# Status: 1
# Start of Output
'C:\Program' is not recognized as an internal or external command,
operable program or batch file.

# End of Output
trying: strPathPSDK=C:\Program Files (x86)\Microsoft SDKs\Windows\v7.1A\
# Shell: C:\Windows\system32\cmd.exe /c "C:\Program Files (x86)\Microsoft SDKs\Windows\v7.1A\\bin\rc.exe" 2>&1
# Status: 1
# Start of Output
Microsoft (R) Windows (R) Resource Compiler Version 6.1.7600.16385
Copyright (C) Microsoft Corporation.  All rights reserved.

fatal error RC1107: invalid usage; use RC /? for Help

# End of Output
** Windows Platform SDK (v71): C:/PROGRA~2/MICROS~1/Windows/v7.1A (C:/Program Files (x86)/Microsoft SDKs/Windows/v7.1A)
***** Checking for Midl.exe *****
** Midl.exe: C:/PROGRA~2/MICROS~1/Windows/v7.1A/bin/Midl.exe (C:/Program Files (x86)/Microsoft SDKs/Windows/v7.1A/Bin/Midl.exe)
***** Checking for MinGW32 GCC v3.3.x + Binutils + Runtime + W32API *****
trying: strPathMingW32=C:\lib\mingw\mingw32 strPathW32API=C:\lib\mingw\mingw32
Testing 'C:\lib\mingw\mingw32': bin/mingw32-gcc.exe not found
Testing 'C:\lib\mingw\mingw32': include/string.h not found
Testing 'C:\lib\mingw\mingw32': include/_mingw.h not found
Testing 'C:\lib\mingw\mingw32': lib/dllcrt1.o not found
Testing 'C:\lib\mingw\mingw32': lib/dllcrt2.o not found
Testing 'C:\lib\mingw\mingw32': lib/libmsvcrt.a not found
Testing 'C:\lib\mingw\mingw32': lib/libkernel32.a not found
Testing 'C:\lib\mingw\mingw32': include/windows.h not found
trying: strPathMingW32=C:/Users/atatat/Projects/VirtualBox-6.1.18/tools/win.x86/mingw32/v3.3.3 strPathW32API=C:/Users/atatat/Projects/VirtualBox-6.1.18/tools/win.x86/w32api/v2.5
Testing 'C:/Users/atatat/Projects/VirtualBox-6.1.18/tools/win.x86/mingw32/v3.3.3': bin/mingw32-gcc.exe not found
Testing 'C:/Users/atatat/Projects/VirtualBox-6.1.18/tools/win.x86/mingw32/v3.3.3': bin/ld.exe not found
Testing 'C:/Users/atatat/Projects/VirtualBox-6.1.18/tools/win.x86/mingw32/v3.3.3': bin/objdump.exe not found
Testing 'C:/Users/atatat/Projects/VirtualBox-6.1.18/tools/win.x86/mingw32/v3.3.3': bin/dllwrap.exe not found
Testing 'C:/Users/atatat/Projects/VirtualBox-6.1.18/tools/win.x86/mingw32/v3.3.3': bin/as.exe not found
Testing 'C:/Users/atatat/Projects/VirtualBox-6.1.18/tools/win.x86/mingw32/v3.3.3': include/string.h not found
Testing 'C:/Users/atatat/Projects/VirtualBox-6.1.18/tools/win.x86/mingw32/v3.3.3': include/_mingw.h not found
Testing 'C:/Users/atatat/Projects/VirtualBox-6.1.18/tools/win.x86/mingw32/v3.3.3': lib/dllcrt1.o not found
Testing 'C:/Users/atatat/Projects/VirtualBox-6.1.18/tools/win.x86/mingw32/v3.3.3': lib/dllcrt2.o not found
Testing 'C:/Users/atatat/Projects/VirtualBox-6.1.18/tools/win.x86/mingw32/v3.3.3': lib/libmsvcrt.a not found
Testing 'C:/Users/atatat/Projects/VirtualBox-6.1.18/tools/win.x86/w32api/v2.5': lib/libkernel32.a not found
Testing 'C:/Users/atatat/Projects/VirtualBox-6.1.18/tools/win.x86/w32api/v2.5': include/windows.h not found
warning: Can't locate a suitable MinGW32 installation, ignoring since we're targeting AMD64 and won't need it.
***** Checking for MinGW-w64 GCC (unprefixed) *****
trying: strPathMinGWw64=C:\lib\mingw\mingw64
# Shell: C:\Windows\system32\cmd.exe /c C:\lib\mingw\mingw64\bin\gcc.exe -dumpversion 2>&1
# Status: 0
# Start of Output
4.5.4

# End of Output
** MinGW-w64 (GCC v4.5.4): C:/lib/mingw/mingw64
***** Checking for libSDL *****
trying: strPathlibSDL=C:\lib\SDL\x64\SDL-1.2.15
** libSDL: C:/lib/SDL/x64/SDL-1.2.15
***** Checking for openssl *****
trying: strPathSsl=C:\lib\OpenSSL\x64
# Shell: C:\Windows\system32\cmd.exe /c dir /B "C:\lib\OpenSSL\x64\lib\libssl.lib" 2>&1
# Status: 0
# Start of Output
libssl.lib

# End of Output
** openssl: C:/lib/OpenSSL/x64
***** Checking for openssl *****
trying: strPathSsl=C:\lib\OpenSSL\x86
# Shell: C:\Windows\system32\cmd.exe /c dir /B "C:\lib\OpenSSL\x86\lib\libssl.lib" 2>&1
# Status: 0
# Start of Output
libssl.lib

# End of Output
** openssl32: C:/lib/OpenSSL/x86
***** Checking for libcurl *****
trying: strPathCurl=C:\lib\curl\x64
# Shell: C:\Windows\system32\cmd.exe /c dir /B "C:\lib\curl\x64\libcurl.lib" 2>&1
# Status: 0
# Start of Output
libcurl.lib

# End of Output
** libcurl: C:/lib/curl/x64
***** Checking for libcurl *****
trying: strPathCurl=C:\lib\curl\x86
# Shell: C:\Windows\system32\cmd.exe /c dir /B "C:\lib\curl\x86\libcurl.lib" 2>&1
# Status: 0
# Start of Output
libcurl.lib

# End of Output
** libcurl32: C:/lib/curl/x86
***** Checking for Qt5 *****
Checking for user specified path of Qt5 ... 
trying: strPathQt5=C:/Qt/5.6.3/msvc2010_64
Testing 'C:/Qt/5.6.3/msvc2010_64': lib/Qt5CoreVBox.lib not found
Testing 'C:/Qt/5.6.3/msvc2010_64': lib/Qt5NetworkVBox.lib not found
** Qt5: C:/Qt/5.6.3/msvc2010_64
***** Checking for Python *****
trying: strPathPython=C:/Python27
** Python : C:/Python27
***** Checking for libvpx *****
** libvpx: C:/lib/libvpx
***** Checking for libopus *****
** libopus: C:/lib/libopus

Execute env.bat once before you start to build VBox:

  env.bat
  kmk

